344
9918 10
63551 71772 47523 14457 27484 83949 61821 79933 49584 31825 
9948 13
4624 24599 90758 23869 74943 15301 10231 7578 78907 83858 60007 44866 55894 
9829 19
56041 83501 86822 88487 64120 77453 20136 75869 3990 47730 21391 97558 32779 67231 1070 11205 47315 51779 70861 
9855 20
60258 74200 83257 45533 55738 34698 84226 89198 14014 94033 64392 21342 79077 31629 2999 56073 18568 51479 24583 69233 
9934 14
62769 40644 26078 85896 76048 33290 31611 48939 61475 13865 42785 12599 50954 74498 
9847 20
40102 53569 49572 25360 83320 76930 96190 11764 81346 98774 83562 67470 90236 51583 34886 42249 31148 86436 37905 85170 
9761 12
91084 54689 97918 87866 97684 74259 34675 28058 91986 61586 3750 55044 
9963 19
54749 66242 13534 51392 11101 74257 13159 43895 55717 32448 23537 34741 1914 27003 99824 3471 35723 9928 47722 
9751 19
30671 83119 97787 77396 94983 86798 88494 40731 68269 36902 6374 78043 81153 15698 12414 92385 68977 67431 16176 
9566 10
52477 57624 65721 48216 76358 44518 60741 85657 3302 41865 
9795 20
82816 40005 63213 20885 76529 6194 21612 27957 51869 21198 17117 43506 66744 91990 41804 76716 34002 47305 20434 65418 
9809 12
7458 91995 81683 14461 76882 23774 41078 36806 8225 57612 68260 23340 
9775 18
77110 63160 77427 96993 79094 63112 74620 61448 40064 94834 91818 58834 4152 7553 65172 75873 51106 10071 
9889 13
17833 75653 75279 33093 70722 99860 28851 32305 47077 39701 71030 55108 29752 
9733 16
39173 58005 38374 90923 48043 55543 58337 16989 55530 14939 77857 25678 52738 73503 46377 4715 
9686 18
12234 58585 1739 19857 67539 67202 98885 18898 4984 65300 92969 3052 66874 89718 91702 29417 65441 82545 
9787 10
4320 22920 9694 89953 10729 10500 7021 5200 2616 15218 
9724 10
72055 9593 52416 18668 24199 52985 90703 50861 89926 43882 
9647 19
6639 93830 20992 36874 77077 22523 36307 29392 69201 25354 15121 35547 14951 3723 46419 25514 24037 95318 47109 
9486 17
77993 25214 29781 88324 29916 88042 144 96171 85828 42294 1142 3667 13021 47863 25217 50136 81616 
9629 17
76914 33547 63036 87028 69054 51633 13258 29531 18160 50041 56195 88717 60819 1721 30591 37812 8705 
9752 10
27133 97353 51247 3775 5944 43989 27738 55576 19038 7306 
9564 17
78145 39193 32607 38194 65091 4400 3879 47827 70424 56167 77329 94564 87438 92259 89514 36491 69604 
9986 15
48409 4568 27290 7492 13568 11635 92716 18829 59227 3996 67087 53312 70134 48586 85635 
9460 13
2404 22338 72555 66906 87693 87181 10043 94677 3868 19632 60724 27752 43007 
9748 16
38008 60608 84258 99689 60313 4737 27627 44145 99759 42285 43852 31566 22155 38506 16366 66583 
9850 11
38706 48557 40658 92769 94545 37533 47762 51073 334 85252 49905 
9971 16
1694 24796 49050 183 5995 43708 49710 96296 35042 29304 94187 43009 39106 77332 16829 25659 
9836 20
15151 78858 64956 79991 86374 32683 72558 92220 84746 85288 54368 65991 46523 10156 37094 34747 49563 32046 63244 93608 
9767 16
72338 84385 95529 20734 51380 18458 87893 27427 64491 20073 49839 25318 87193 49889 63897 65146 
9959 14
4214 58183 7285 44815 52749 26480 38560 9752 77174 14715 96191 6915 20609 98864 
9667 15
13401 59887 70655 54762 90180 36504 43833 16180 40011 66302 56222 94791 20501 66630 50609 
9534 18
69664 94191 812 93040 26956 59041 57504 29539 9067 52139 78748 78828 43216 21698 57427 85611 53740 40101 
9316 16
5807 70147 99852 47309 82906 37623 47249 75727 83085 33100 43322 78016 42636 19434 85069 23358 
9560 11
46631 41944 67873 52476 24124 81457 8613 82282 17699 384 33354 
9461 15
16352 9925 87580 40413 8414 19856 78587 4073 40090 87140 63315 44422 35751 29586 1827 
9641 15
95066 91498 13853 90634 39752 56583 85065 52231 46240 77591 91071 79482 78078 22138 79147 
9562 10
90086 17388 24074 78801 6065 43028 73374 54582 66324 82933 
9910 15
27326 32944 43973 29210 63854 93810 46506 66884 30943 59231 76814 32962 65676 36877 77649 
9596 18
68283 28257 92897 46877 36022 70628 62020 82845 350 83745 36722 52255 74803 24317 6407 58817 51612 83441 
9574 19
93797 32523 58606 78540 47383 62810 5934 2343 10510 30215 23994 15704 46276 99574 65428 97499 58472 59397 28041 
9539 10
76444 97687 23735 90511 95592 39478 68272 80354 30045 48293 
9643 13
89827 20495 46820 80901 63647 77608 9887 10389 7922 74217 38126 52650 41542 
9671 11
32937 76265 18246 12328 55891 78821 68750 77785 92380 27758 90304 
9885 11
40691 1382 83013 7901 8359 36720 33649 65803 36366 47178 1956 
9873 20
75357 43377 71994 34943 83456 4663 21049 31850 12600 61023 45056 31740 95099 69032 69151 46637 786 13861 26306 96284 
9218 11
71906 23172 41448 8590 70639 27311 24201 68963 35538 89612 50339 
9625 12
80192 42253 90557 98953 66867 21114 26530 65021 1025 27580 20165 88406 
9353 10
37027 31682 70253 81804 42507 20075 93341 78811 53825 4698 
9294 20
42080 72711 16973 96726 23597 68640 97076 42870 89243 7009 57516 37909 747 37479 48181 54341 59429 87581 33522 57295 
9291 19
61965 90997 18754 49163 67203 31620 98661 55315 21108 85620 77294 70367 28135 26874 18872 43178 28222 6043 66701 
9203 12
24592 81842 27088 71731 83264 8470 38458 6905 8113 67814 91060 87616 
9442 13
1360 42149 1120 85227 60780 14671 67455 55842 92568 93120 19166 8825 36637 
9517 15
24720 97001 52964 64422 61144 58949 51558 91100 76115 97254 88018 25943 36928 41155 65632 
9951 20
30746 79279 99083 23612 51430 44718 29724 93979 49895 98805 30497 64155 77165 50703 15113 59129 75166 50730 6896 83863 
9429 15
43984 21221 13900 66779 90446 43772 7413 88304 45939 78376 59323 88954 73726 56724 70552 
9692 17
991 12574 90107 94674 59362 89000 4046 53196 17138 49181 6893 38246 70740 10196 45235 44492 95232 
9100 16
40503 79050 41747 67500 72373 1905 11852 59863 53450 58793 26345 14179 24333 48829 6610 28665 
9336 14
31985 4034 50935 14610 18601 7095 66404 89465 77454 95682 18473 70375 98817 69072 
9710 16
6781 2326 20296 81390 3434 31160 3849 35928 75325 67212 30201 983 93727 63170 56679 74772 
9587 18
70379 24878 98807 64121 52171 63923 82942 11040 56026 42978 84442 10874 37203 68673 35837 1564 24357 36979 
9797 17
83705 4103 33849 32109 20576 21164 88882 51079 93826 45942 31216 91869 31556 52045 50621 94156 9823 
9788 15
23507 39108 93478 68528 48924 98038 97895 95694 40467 26399 52534 66593 7586 3760 56700 
9888 16
12358 11607 6384 19900 39307 22021 38227 52810 85297 32783 489 68606 29457 52937 87413 54268 
9956 13
34601 84525 73679 97509 38387 83481 46911 26478 32066 882 86895 39065 51185 
9926 19
60582 88696 93284 90990 60362 71798 78372 83446 47992 61502 56215 85636 31119 84581 64989 28125 81947 96756 51440 
9759 13
70198 61766 97129 94577 40122 75949 6346 52006 61629 83504 99728 93135 62296 
9061 10
97758 6623 14719 47228 34454 40717 6237 97493 42091 36314 
9463 13
43157 30440 69491 12448 71472 42681 77451 21219 20179 33674 29093 5247 4551 
9108 14
67184 69876 97664 3767 2947 44442 42463 87785 10878 5784 14044 85237 45545 21047 
9897 19
33714 28302 76563 2374 82779 97718 90042 46953 47803 8004 49368 90831 27806 13149 36505 98787 17302 90985 91000 
9096 12
22767 38478 95825 41134 37455 83646 37806 56082 30748 85824 91376 35543 
9954 12
68841 74355 18434 16593 47005 85957 98565 77371 41442 91260 18951 53316 
9279 11
24532 91244 899 8995 76171 6564 83034 9652 44752 89798 7327 
9095 14
75822 3621 72812 18313 37934 86290 12473 93109 49484 14246 17192 86613 92928 20395 
9713 20
60065 19566 25139 23881 68845 78852 16817 95474 2191 67220 80613 54868 18116 30492 6232 91090 48285 11934 62078 27696 
9103 10
40936 63709 94900 98080 49435 46179 51298 38012 12231 59467 
9200 18
95783 40998 49335 23736 5786 75076 72874 94798 26733 90870 81025 86219 59635 15517 8628 13319 23611 21877 
9110 11
99103 78629 8444 67737 54757 93603 90052 34898 4345 84142 27498 
9081 15
8893 82682 3001 1161 31591 86117 34619 93266 71966 55774 27930 51304 56624 36605 37630 
9462 10
68769 56908 45433 89891 59697 79665 28848 72503 15540 60482 
9302 18
44023 23442 31657 39129 22657 15916 24685 46052 20060 6648 16179 8397 83431 85456 43289 85673 38601 35617 
9783 16
93885 99054 49852 32306 41426 22658 59326 39361 58707 17646 99879 60789 72661 87201 31438 69770 
9624 18
9714 32801 6315 89915 79526 67997 55523 70804 9731 64194 57375 36330 21005 77579 94716 4868 21810 65292 
9794 13
52857 3161 91063 68199 65160 38027 94869 63149 90720 30494 99367 34550 99486 
9651 13
68410 91813 92559 3423 61051 61987 71824 51900 70422 80924 83553 86310 98824 
9595 13
15904 89739 56023 13965 45492 64290 46800 9291 37670 56297 52965 3766 94237 
9198 9
2800 59003 74088 56094 80334 68760 63255 98340 70340 
9543 10
16300 52330 44427 33083 79223 82555 61793 16737 2995 66348 
9831 12
1355 93947 56701 36912 94881 57943 18882 66978 65758 13103 94379 21575 
9656 19
69692 40244 29505 67639 60770 67172 70693 5714 77205 46988 84892 41026 28586 1713 52553 96574 74266 58660 52737 
9368 15
67656 25003 52306 6710 31484 84092 198 96881 52200 65338 50940 73662 1751 26343 35333 
9002 19
62316 12124 91892 37414 52024 13716 74681 58943 86336 39863 99659 57226 2591 14234 77985 31122 42901 16782 34020 
9678 11
25996 8436 83186 89204 48712 62299 61798 41159 7459 84969 345 
9028 15
33839 1506 85016 37017 90292 70946 18377 69008 75877 27682 83450 51723 71195 9170 151 
9697 17
92789 28009 87488 10223 29846 4436 50677 12457 47004 92546 2671 24642 49633 24677 79986 75307 85714 
9017 13
91709 14022 5712 19329 60058 26768 60619 43329 91072 80430 42812 65630 95557 
9771 13
44302 26958 51576 30773 47091 38445 31219 96806 91633 64161 97656 99276 2808 
9711 14
1819 93192 60424 89359 75399 79796 52329 15518 88659 89534 34543 26597 26566 93838 
8795 18
47816 36151 89427 30617 31898 51607 7588 75616 72714 7515 35653 81608 33606 24629 34827 20115 11887 19282 
8931 19
44975 73422 46470 5681 78860 19568 95780 30542 85129 9389 68618 14462 48430 99045 14270 73278 51296 64479 79669 
8893 12
17105 66601 1543 83218 53488 38000 90842 41848 49793 40824 94973 3751 
9124 19
32653 44053 62522 92274 20981 15298 21421 68026 43429 94572 12780 12191 92903 40886 79060 15162 60377 72526 17411 
9208 11
34691 60684 23102 83127 76851 91296 39015 497 99956 88985 28476 
9505 13
9010 25253 31978 32170 82550 89049 3604 91610 63090 61376 67620 14852 61134 
9469 18
31650 99494 62718 43010 35641 11627 33135 78113 31485 30660 4172 39753 90241 47485 8036 81909 24870 38285 
9488 20
35734 65239 48457 15888 18437 28230 54925 88831 46060 38918 84273 29148 6478 68383 56445 83841 64962 69093 2066 65138 
8958 14
35279 63505 37144 60861 406 59386 19992 60567 55120 12006 9150 37090 68824 55618 
9796 12
74290 40671 64720 88340 69012 44832 95389 76136 92278 10779 9112 27177 
9106 17
44677 66450 97799 11562 1528 62637 16225 38499 33723 7416 15789 44468 88686 86033 37095 55477 62653 
8848 11
75239 24353 86294 52782 1925 23014 86770 15262 31345 36789 88061 
8691 19
48126 46058 1012 33992 55052 80049 35565 87419 15480 78477 20152 50247 78715 55714 29434 85175 15371 11153 59290 
9993 16
36072 46906 19710 55118 14680 57703 72203 27075 44783 63913 71468 45990 49031 13809 79752 44185 
9932 10
21659 95686 97712 52506 83740 83419 49725 10684 91234 53141 
9800 20
29458 21735 37308 50977 62670 39110 72219 83343 72334 97820 62235 42314 23887 27170 4382 16573 84088 65584 29173 87909 
9275 19
10678 65439 54384 5993 84400 46024 73807 20719 44588 52454 74937 24056 81883 34618 55292 96050 68647 27217 96342 
9962 20
61263 96903 92955 32814 59462 75876 58369 94676 94146 84389 57707 73156 16559 29450 93742 27352 39096 23354 65389 88430 
9475 15
53878 43615 50972 49120 96652 50103 64467 31689 87024 68186 1953 47905 5762 77450 4385 
9704 10
98748 86859 97986 59334 55951 60594 64171 82553 63779 81793 
9844 11
76632 74713 12985 80143 69948 1386 20201 91082 96461 18721 66674 
9163 10
54751 17015 18853 34883 61298 9077 1486 35283 99903 57111 
9819 18
42238 2436 95822 24020 67391 69244 89719 74238 7682 93374 62939 51889 5316 61198 60785 39433 85430 47311 
9955 19
73413 34552 59542 51468 34016 47250 81418 25906 11631 68997 79603 32652 91437 95477 48544 14402 57289 33800 83193 
8869 14
50700 62772 27848 25250 9550 52124 53509 38328 82758 61039 49369 87161 13964 36087 
9878 12
58222 99160 47150 75605 74552 37524 20360 16787 83310 85594 24447 57028 
9153 12
89006 81046 18060 30877 22242 34572 12224 2358 33731 16077 15634 91461 
9755 19
18508 95345 95206 54317 11163 18940 79838 84657 51101 21292 1295 34112 78306 81960 41092 1971 35419 62547 22760 
9421 19
46482 45779 99889 9220 63456 86837 58262 91362 83448 2690 92428 33654 24786 56960 38279 33784 50109 50353 95997 
9925 19
67164 67971 32290 59648 68727 79183 65805 9491 39401 18840 75380 76086 1368 61658 91552 11784 98421 52043 11544 
8793 13
81521 67518 73535 80599 14752 40743 20512 52159 58865 64717 84170 56029 72313 
9060 19
17460 91847 85768 78524 75184 15588 58438 32288 49125 82115 73534 30539 2832 39421 51498 28418 47744 3631 21954 
9303 11
32918 78736 74115 68758 2997 86952 45713 8528 29019 2708 34030 
8839 18
73517 13780 93992 11548 81713 62467 17418 61444 25692 80409 4964 15830 30601 79479 48420 24954 25978 76776 
8818 14
62386 42040 94583 98773 70211 39943 2506 95488 294 27965 86782 18827 36626 40659 
9102 14
49370 51939 22801 63869 65295 77538 60543 42713 72783 13816 50651 12184 82064 52292 
9690 15
60854 48949 94216 15164 17470 19229 10756 40529 23399 13666 17109 51648 29734 58195 25120 
9013 20
64716 79910 88859 28809 63012 56101 23750 45327 41657 52400 75957 97195 33431 73728 64041 46927 56551 49605 47364 92583 
9283 17
50737 61360 32820 23713 12928 69266 90715 91110 64807 66032 81411 54745 92144 52982 6947 32121 9580 
9424 12
11368 57674 40904 26155 42708 48752 11180 1706 23816 53574 53325 12379 
8902 18
33301 22675 45112 94621 37332 22065 32830 18407 60157 38268 42818 24014 40132 39516 45574 96807 63862 51948 
9470 11
35923 38753 84366 28263 99065 81757 13906 11011 6045 73995 27629 
8751 14
47966 98134 97838 72545 86186 14149 95125 2229 75430 4492 64277 18817 11360 5650 
8530 20
11503 81373 87719 5892 26138 53582 59089 88957 32631 2304 20859 16064 42760 19448 98024 99723 22968 96213 27044 82458 
9182 19
58359 90879 44973 30453 93808 70878 31401 74689 85098 37440 70696 53019 95891 83200 90723 69375 22630 52385 58196 
9323 15
56664 58795 64935 32041 94495 74911 89145 48421 83574 59722 75862 56860 91919 96985 79555 
8628 15
92518 10086 58598 90841 31738 19720 47784 78777 44180 72673 70325 25297 63623 15373 34688 
9434 16
8726 33538 99532 97272 57968 99690 66414 70726 10734 8982 85260 67112 15452 80525 37658 63225 
8843 14
62185 75867 51046 50624 39604 82538 41602 56130 30128 78685 26685 6612 41879 4463 
9693 11
75242 84235 16326 56800 93361 58719 8208 94679 33457 92093 92901 
9221 19
76388 57012 19985 67088 26344 74554 24514 70487 25306 52725 29873 90500 83297 88825 86722 93774 8245 88738 84026 
9300 17
23942 28480 6054 84551 66845 47429 19935 92744 18808 28608 1 21273 52207 76459 73913 87946 4306 
8644 15
35464 89846 73627 76680 22724 51062 68386 89898 23452 34877 87213 26767 53074 34444 30861 
9633 19
93360 30444 18561 80346 92225 73445 34777 56849 71935 23837 61279 3389 85855 47195 70737 90869 32380 60893 65790 
9425 11
52493 20210 326 34703 65094 30226 96922 53662 20963 17849 72756 
8965 10
91862 16050 99886 13636 20994 22790 81920 9911 7337 3308 
8773 11
75291 17779 56192 85276 13380 57468 89908 36647 40334 5104 33557 
9680 12
54566 5666 64431 20874 59839 91743 85251 8745 22305 437 83957 95250 
8659 12
36054 50421 50837 71598 79943 57540 74354 16263 46930 33893 28136 70857 
9706 12
24397 56148 86304 37654 97494 72876 50141 68751 34059 34909 34532 90497 
9083 17
86690 83084 18163 61835 88035 40282 6584 43505 42921 73373 87954 59202 56694 95793 44722 83883 64502 
8518 12
85977 38231 56852 92374 97852 41806 36836 11461 22438 97315 1534 48724 
8505 19
51950 91543 75626 82264 70781 63958 99498 40259 80284 10869 86182 35399 62215 4848 44883 68405 68816 53693 64527 
9286 18
26395 50225 86477 26962 87900 66849 44411 43336 11219 12145 5441 4490 27276 33249 91755 61292 78822 99937 
9744 19
67430 25851 52079 6025 74301 1606 98560 61474 70085 60736 39222 76401 30916 62339 4325 54079 96031 85878 12058 
8933 17
89813 72257 83958 15618 88991 13688 28327 81761 13356 12602 80083 24853 55138 56987 7347 96832 51725 
9921 12
4632 49816 42806 70450 76698 96584 96109 31524 44225 51518 3929 5165 
9173 15
65662 55457 1298 63851 58756 92339 83756 90896 325 91665 45032 5107 20583 98386 25082 
9875 14
25113 93027 56252 65001 76052 66807 83136 56147 18221 49855 18393 74664 91355 49560 
9907 12
78210 13976 80521 69750 83400 17966 33879 92934 24346 9982 12893 15926 
9588 13
45766 99620 82776 2915 77918 72607 11697 51868 32837 71425 45047 23697 17909 
9500 18
72959 51910 25983 37207 96693 99293 21030 36795 1970 76375 85490 59168 32404 12882 28882 4282 36316 97685 
9343 17
31442 89605 39754 58607 90859 66649 38930 80693 5042 38880 78076 58704 42715 34356 37151 37784 82896 
9980 19
95073 65284 18809 67749 65687 93626 7725 26187 62181 54620 13131 29629 75845 76719 64647 27823 71117 678 90109 
8618 12
15525 26628 17819 92996 13828 98333 59270 55352 21205 80547 84943 43686 
8384 20
29310 76168 27699 71023 79781 90223 84313 24067 67329 15212 84933 67804 45614 54344 4986 37923 69826 34713 81966 89482 
9731 15
6027 95941 41482 96385 15486 26745 12151 28159 31502 4075 51663 86132 26926 1554 74264 
9404 13
7960 95816 46729 11865 91156 35453 7255 39069 79211 61003 99267 62796 53876 
9322 15
17265 30884 52800 13768 39331 28509 51897 46380 99933 88795 92315 47343 215 34767 66161 
9202 14
17710 52936 77606 31009 83651 78297 16826 40365 63650 96604 85495 58758 49348 33126 
9382 10
6281 63320 1960 83873 18006 96367 42379 39021 97104 10976 
9126 11
87725 93125 95054 7305 5255 50558 8598 92754 5381 64529 69043 
8449 14
14558 20646 45138 28274 80146 39740 8130 1067 63841 79160 6551 88496 150 18333 
9561 16
84354 18515 75539 73363 30124 82360 68025 1847 46612 54970 68202 12997 79246 23252 88051 84165 
9139 16
64792 72003 42268 33621 15943 9723 95334 10873 71303 14898 6884 58246 23623 87919 84966 93889 
9964 15
27356 5296 74882 3910 90826 63313 23351 73032 17291 93600 32776 63277 53911 37679 72148 
8976 20
99108 935 11277 65931 89239 74851 53060 12849 78872 73120 10516 7834 3108 64180 33228 82073 43847 99779 51487 6077 
9582 19
80930 79771 91380 49047 71517 84645 18295 65333 72460 62732 76051 38096 57117 15781 82593 26027 72058 68781 25539 
9887 13
50465 62498 32428 47825 66188 89257 52145 25661 14045 81587 14723 43272 17517 
9050 19
17366 88577 88542 66215 74653 1448 49814 23599 69708 48854 71952 36869 6413 15685 3889 77321 8051 58266 78140 
8409 17
82810 70955 19868 16772 56398 36205 10599 64630 30021 69191 38887 98392 38604 65606 59291 86197 66290 
9792 14
50181 87687 64918 68175 35185 64582 24442 77261 76185 49498 38135 2649 12506 59803 
9549 18
57837 35225 81043 87868 16033 37933 56643 81829 4827 10409 28154 98676 70401 1717 4358 188 12597 22075 
8910 19
61520 97575 43138 94724 92261 32055 87320 56663 4878 42750 55435 83365 35807 26215 22611 81603 19559 19798 13132 
9725 12
20236 38321 45739 97818 22833 24287 12691 35577 75998 95465 90372 75030 
8663 9
9850 6134 17711 49876 38608 60655 43539 97554 87246 
9051 15
59432 78181 34089 28675 36707 13561 1436 94431 78732 81217 62255 90296 29362 20347 49720 
9577 19
39698 2887 83169 49745 82330 77890 35161 47865 67762 22691 61011 47131 83488 70471 93253 25852 21792 32744 81441 
9101 19
6785 64819 86821 19066 58552 77147 37049 50232 82354 48757 81259 29575 21606 68857 10730 75021 45693 53852 72384 
8279 10
63029 73237 11213 96414 98543 32039 79437 63624 82502 24737 
8982 16
59681 66278 22153 5325 61247 20310 47826 76643 64244 86490 87726 39197 79323 80064 89082 60915 
8951 10
42317 14094 39877 6716 9708 20901 84563 65174 41158 76806 
8569 13
92334 79948 27666 20946 38083 2644 86805 61663 71048 22059 85709 52315 50467 
9537 10
14368 42946 20112 63293 41808 27372 90901 8478 80490 43606 
9615 15
57731 99655 70505 50480 17421 4207 94481 307 47874 36067 17578 65240 10809 34921 15442 
9608 13
61058 90558 36509 38633 4340 36631 21048 85947 81887 15501 35274 36470 23716 
8761 16
32117 90903 80009 11795 69040 95884 65387 22619 43118 32754 23153 53321 71022 19517 89410 13934 
8285 13
57228 15191 77979 45320 34260 72167 80043 3807 13554 21592 93030 96181 51240 
8283 17
21288 75797 34666 69572 52552 81890 94482 96375 29584 93762 84177 91275 77395 778 93624 75951 13885 
8314 12
56962 8642 63791 26183 3608 2974 49592 15104 41770 68776 41045 13404 
8649 13
33636 62417 61716 68823 26555 89832 30396 89830 25295 94712 81110 53719 45589 
8596 12
65859 65049 42215 51627 79197 20468 79440 67120 93937 60826 61628 86927 
9403 14
76259 28748 28667 78754 90424 56748 44729 85838 92356 35696 34338 56854 21686 70710 
9471 14
26521 79028 246 20685 66182 43263 85125 87420 51548 17371 18113 6540 84146 59488 
9839 12
13529 14616 28221 68633 12620 42612 55567 16047 34327 43447 95231 12122 
9344 15
51888 62133 78586 34099 14953 12817 77295 68020 13123 21106 92401 76629 4925 16132 54316 
8260 12
8391 43255 81941 63560 35133 92119 2337 83122 75316 3518 59725 87805 
9652 15
94301 11778 99536 12043 44444 56278 95706 44644 76032 15683 6659 57336 51652 20388 51588 
9909 18
40880 27031 2268 61424 3900 2835 7380 78120 41833 78492 10602 88491 31603 1823 41339 5882 97876 96229 
9310 15
33466 89509 35236 41850 72807 35673 37432 66690 20181 33052 60723 45276 39229 81300 94944 
9968 17
96894 82102 94569 73626 64034 50967 35639 90427 32977 70904 53414 14120 21363 3208 12361 3367 11920 
8587 19
67325 4685 62910 76951 56007 61696 64378 35465 37892 89433 96446 44756 2274 32612 61852 47251 79082 75555 39498 
8983 19
4729 60477 95648 46498 75827 35583 3441 96859 57420 26723 12451 41029 340 48673 91117 79176 56183 45432 94589 
9770 10
83635 60469 40027 37193 83895 97430 12640 34882 84219 47114 
8390 19
70232 32568 42303 48266 60519 49743 87760 1030 90866 56049 52167 83316 17788 27709 65036 18962 9561 93150 44742 
8388 15
7524 60592 57484 65980 93028 47698 73436 5630 93683 25618 55489 40309 693 70556 97776 
8427 13
3442 82839 79441 50819 82993 10276 43211 3291 28841 79329 63169 33516 85437 
9263 11
81910 99340 28839 66226 48751 26990 12970 88547 59770 75476 74019 
8404 8
44882 38866 96954 82120 37115 91728 36801 13368 
8858 16
27458 60132 6962 42378 65065 63679 52613 17356 86450 13232 79921 9267 1147 99019 88898 32555 
9640 17
72330 52388 32905 10865 64954 76196 1995 49148 19498 58348 32516 3968 58271 36336 95692 58042 39013 
9257 10
78720 46564 63811 33540 81248 31363 78962 17126 82940 44352 
9088 13
50295 4526 97153 1852 83708 44648 47507 50979 24231 20364 36579 86036 89749 
9613 15
58365 79775 92883 37744 32315 20025 32738 67630 71390 14945 69480 97823 52099 1287 48896 
8572 17
12537 5616 23157 22464 61981 91093 96767 93536 11908 88489 82427 99978 29877 54514 35534 53430 83108 
9700 18
17492 58324 6800 83823 51515 2329 51166 88315 19420 64634 5373 96534 20571 20511 8632 57491 10710 57461 
8149 10
16863 79950 87508 71560 59349 39297 11281 46288 42728 88199 
8488 15
51405 38326 69767 45522 84875 91683 52721 12973 57569 12162 74067 69900 73183 60544 7698 
9716 13
4077 64898 38504 51603 46856 1592 72283 78428 63954 62087 32372 38187 81800 
8392 15
69215 80643 41824 29951 42060 20066 99981 6519 28228 96946 32513 95714 96203 2231 36885 
8657 10
14330 413 68039 54973 4513 63005 47553 34330 31294 2549 
8730 15
29795 80550 99517 75695 78006 28565 99587 70577 95584 63838 97591 3066 38448 54180 17254 
9698 18
92291 2858 9822 77378 94115 94939 45340 33685 83381 59490 65985 8623 1781 51196 67096 71931 71194 49355 
9778 12
13565 24087 6730 91940 69190 32084 29631 24564 97200 13653 19102 92679 
8181 18
82963 39996 15098 76450 45999 80560 83126 49564 56979 34337 7259 23141 74272 59532 29408 37489 56597 40430 
9714 17
53291 50532 32449 66724 5309 62448 44892 37184 54495 66213 99827 55377 86864 56006 11274 81462 1513 
9531 15
45639 19239 4284 98730 78638 49377 50836 85215 53126 56135 15073 60640 7648 85282 91482 
8683 15
94313 22774 76224 70123 94739 58644 87996 54414 15613 5972 16759 17992 44385 60422 25176 
9708 12
8605 45119 87235 85654 52377 5765 70708 14147 60909 49730 10494 81913 
9720 17
16111 25884 33347 70879 73585 96957 81285 96415 21247 91104 30377 6806 57160 11298 99676 31174 10059 
9155 16
12719 79888 94994 79534 82358 42406 72818 77504 80182 97324 34791 49110 66101 76957 71401 43139 
8862 19
64911 61951 22413 40222 51933 80888 95974 76154 13733 95484 85213 21263 61649 10058 95183 4895 32601 92624 48111 
8300 12
33813 54196 41532 62377 92704 73038 31408 60051 10836 51039 15770 9754 
8900 13
89005 42659 99266 34517 69312 3345 23369 24089 56569 51676 13425 75958 23095 
8824 13
22004 66680 95888 10212 65461 49785 86449 56839 87239 35200 42049 4865 20000 
8759 17
16022 62324 82684 36112 8005 87562 500 99128 82995 59325 61957 31443 73987 49661 27489 9231 40249 
8654 18
8283 73803 11386 87588 44501 95879 83828 59438 93649 28178 5419 43786 83698 79317 86537 45237 95915 1226 
9149 14
32620 10985 96588 26325 37557 69311 9349 2335 36627 91243 73783 6371 57954 54782 
8422 11
49918 27526 65703 70695 73609 1290 62578 17780 32319 71702 27225 
9115 10
30049 73107 66888 99066 15537 52158 83362 23702 58069 90641 
8988 12
31830 7234 88748 40361 95049 17675 5307 19698 74463 12077 83979 87821 
8366 17
92987 85671 28568 42380 10967 83581 90808 83744 42059 48329 53228 6347 69000 38146 65423 87384 57116 
9776 13
61042 96078 98477 38923 48547 86725 20354 23472 2454 56976 88282 26188 12707 
9194 13
14916 74960 75238 97853 6235 64189 25992 4539 41785 26115 29590 4963 59157 
8873 19
92255 48072 74413 79786 95808 68268 93445 39483 41699 16774 12952 28930 10726 20192 14974 13408 39456 12894 95587 
9835 18
20168 57544 89911 36816 5566 72948 29292 99155 26071 46300 91263 68441 99419 11209 19439 93928 70311 8440 
8178 9
9401 81080 40436 45833 4923 53621 40020 50605 96730 
9805 18
205 53462 25462 3203 77204 55021 34639 60084 63350 85938 64975 69928 20438 82251 30928 57977 23730 30299 
8821 14
19272 18327 20679 61006 29246 73000 39946 73360 41558 81453 36554 40983 61562 51076 
9253 13
54259 14647 17092 5106 87525 13537 23985 30728 43961 74767 95599 61642 51528 
9054 16
11539 82773 32564 136 34054 95968 78437 33939 31147 84455 24491 5049 83144 69410 7915 73214 
8717 19
62598 75814 92231 85591 561 5540 15790 37199 92915 5045 15628 16116 32028 79015 51551 12431 21379 41006 58355 
9694 18
13030 727 42564 26048 87914 43383 7128 97485 37977 88832 82890 21515 84433 80977 30232 35226 87803 23054 
8447 10
61640 66747 48818 42675 32208 5819 27837 23489 69837 30631 
9481 18
22597 77228 77708 30239 17301 63814 46663 14681 52600 7968 88773 97713 1842 18362 58331 84465 83059 69096 
9230 15
32563 5590 92672 96617 98508 88600 46909 43277 82034 64116 18457 42185 763 85839 59852 
8109 13
66840 10811 75268 5407 34450 42969 31540 23360 52328 42782 59017 36052 52339 
9164 17
34662 113 15190 82409 32366 73259 5151 28391 82822 14989 21899 86054 52413 21543 77024 25792 96298 
9117 11
27449 51457 27269 10377 18594 82013 40811 95321 77923 48656 72498 
9388 10
91327 17452 68014 58057 80050 18420 7630 12888 10488 74715 
8895 17
35858 78725 76840 18660 14632 902 8810 70260 61651 87744 16896 6344 89374 38128 17425 69648 92615 
9397 13
96033 13307 95983 98561 38986 12766 93936 76572 58691 31695 51056 44715 54310 
9683 13
24398 97025 10780 14538 40395 1793 11178 84496 92547 82376 69763 94091 47785 
8583 14
83367 22901 21766 37866 97288 30257 54188 28357 94958 7195 38871 49025 86018 32317 
8269 10
75850 19008 54099 99085 95653 19870 40964 92585 79907 38395 
8763 16
65966 13273 73956 6208 41317 6023 3320 51074 63834 77666 52351 80982 25170 38179 49038 77786 
8211 13
91735 93585 30378 85379 38720 66058 38438 17390 81279 24150 12421 15603 89942 
9590 14
94382 78911 77414 48321 400 55661 88428 95470 2273 5916 10011 34809 40958 80763 
8482 19
70288 96977 78597 73754 35307 57165 81431 79819 10884 67501 37324 61594 84574 47033 48488 80066 56376 15793 16809 
8222 13
40631 74797 56920 89187 98195 45179 96763 82830 80975 52797 63316 5394 32921 
8563 15
75952 57728 35700 49851 94874 55323 52295 43239 67599 94453 34045 63806 48599 75383 74839 
8338 15
43634 9198 26755 20665 77152 55329 2866 50955 1492 92112 68732 12663 39620 21354 51741 
9190 20
96357 1958 45448 64270 18878 19799 36270 50787 26855 69650 73766 50452 36196 52626 81730 85464 6343 82163 37077 30253 
9977 17
49485 63775 92433 43782 68248 52412 65820 1364 65125 47123 40856 60396 87676 72965 28429 33970 4094 
8722 14
54726 60231 64086 75693 47704 81145 75610 17443 72556 87862 44165 88070 21854 24663 
9524 16
83217 99830 44681 65932 3758 65628 66411 7908 60147 3388 16967 73040 24288 39320 9486 1466 
9277 19
1677 75269 26618 1404 17950 82049 76296 52765 24431 8730 95698 61344 85535 32901 69537 16941 98478 71851 4990 
9159 11
45343 56203 16316 93031 15264 66222 68972 70763 1182 86217 93373 
9274 15
91351 10834 72297 92191 84407 72563 6087 84268 35871 36754 82927 39268 77358 28911 59556 
8847 15
2665 68407 53199 4552 28004 2983 4464 7334 95448 86998 8896 29633 26475 60378 45175 
8749 14
2101 96812 48870 7714 10037 17543 24714 53059 301 61553 65518 13284 62911 12262 
8124 19
24203 92010 91445 60124 17381 43674 16017 73964 63901 96909 47515 64953 77569 20796 74777 9262 42355 69653 93906 
9276 18
31186 42442 95442 59640 9279 6272 35265 83738 18749 31961 30236 4684 69224 98806 81698 37231 16185 9145 
8180 14
95481 61325 28946 41992 78188 54818 52039 9612 2533 75155 65147 50585 98201 47789 
9396 20
54637 69794 6383 52455 73014 30473 33372 29758 64352 20884 78077 73282 39624 56123 58484 85956 50439 17547 14030 88981 
9886 9
9826 79311 22603 77423 78452 41278 94863 12653 98799 
9723 10
74966 51186 78511 85706 87258 51030 53933 3612 84292 29538 
9571 12
19707 43442 9565 30452 6333 86989 709 15089 98077 50310 43236 19060 
9181 11
16108 30024 35582 14793 46279 41752 64657 70412 17902 53036 94018 
8412 12
96599 69818 88384 65076 3224 74206 47400 71832 38169 48935 75065 63364 
9554 12
24647 65280 37687 52112 82401 44328 65830 93097 16026 49449 19071 25718 
9223 20
79117 19206 99925 16943 82751 60316 51677 91989 21969 76369 49304 8897 91480 65124 4591 65671 13571 65343 97985 39553 
9494 12
23204 50075 60626 79690 80316 9766 15303 31714 66512 26090 64746 53220 
8946 10
72323 77733 637 64451 30283 94336 5298 93923 19004 86361 
8261 11
69785 52714 4281 14258 4423 91973 78430 93877 36050 13211 52458 
9709 15
3034 4315 164 4656 59329 23277 62418 4313 35712 40955 60843 2283 51221 72536 36457 
8177 19
86465 62193 37076 18057 27778 61129 12332 45970 34772 72882 12082 15824 87722 47292 19949 68303 41349 30779 42461 
9674 15
23051 9759 25937 59781 66355 19148 40353 4147 8949 61077 55683 70991 5037 58778 83149 
8050 16
68239 93694 18693 37194 39647 50751 70363 63540 12728 813 24179 36105 88971 63265 3975 78373 
9900 19
97765 41059 84053 87020 92581 56380 27869 84631 51525 41969 41733 73966 25784 90242 61359 25311 84632 71963 56629 
7989 13
22925 80808 31099 46874 12877 34694 46347 25304 39418 86559 92114 33147 4181 
8838 18
49997 49823 86787 68940 59702 2151 46113 65952 1276 4993 7292 22781 90146 44964 13303 68477 2611 85036 
9729 9
67106 46723 6259 51893 78062 36552 5126 63154 34780 
9399 17
72644 58992 61898 2194 10385 57177 24519 51538 91922 13122 18540 66141 21818 55071 12168 24630 82656 
8254 15
71939 13658 18461 12813 51557 21884 88947 59811 42451 99576 82031 81783 10821 494 31572 
9479 16
35487 61572 63922 53203 95238 49270 45904 26242 91530 7706 47936 19740 15938 94436 65691 53463 
8673 15
36169 19193 30594 49726 41820 26241 65759 2635 55372 39802 49139 5764 66372 55022 90983 
9480 16
80537 74009 37602 42351 15794 54988 62468 24088 50598 89930 58791 12866 14023 7050 74313 7150 
9151 18
49325 39121 87691 29763 59721 4598 49083 83569 33175 82145 2175 4327 64454 87444 69350 30530 79959 52753 
8615 15
36274 60833 6437 45706 53492 92221 45337 53634 27558 38768 20740 96694 93148 87388 28285 
8534 13
84520 37898 93623 17498 84302 57696 80071 74239 86509 77373 33987 29668 88065 
8056 13
31110 63827 35890 3561 75487 45770 24457 19817 87430 34361 17128 96476 28167 
8005 19
66483 43568 69565 63014 54867 7518 80374 38757 58998 22715 2171 98798 11769 59779 50403 63729 75201 44049 71358 
9627 13
64887 6060 79102 66342 38522 71524 14053 80417 13097 19694 91329 22337 92151 
8316 9
47223 57841 71145 90133 15930 50564 35067 88459 16936 
8098 12
20487 52912 86941 35499 83543 6241 32178 78523 48510 45918 7982 98316 
9786 9
24764 12193 32062 50059 85499 35432 54031 25449 86123 
9579 15
89824 88350 80247 82092 45601 85529 78935 18883 6803 80384 27728 91347 53771 67596 49204 
8734 9
49319 85619 23616 88905 86430 52536 26254 5728 83454 
9670 8
53920 21950 11959 98041 84402 35435 31617 41790 
9514 10
87586 30244 8746 97188 46117 65238 57842 18832 33280 36179 
7984 19
44930 27980 57104 6981 7690 38861 57279 91557 40900 55615 78896 88120 97991 96995 83098 98660 59248 60574 56008 
9869 17
53310 69384 44304 51310 61595 35418 80279 50066 26515 56096 18022 76618 23921 18657 65457 80882 202 
9846 9
54800 53651 14282 44845 20822 39083 4357 729 50779 
9840 10
6114 84012 44033 40243 53882 956 84956 97955 38435 40557 
